  Source.cpp
C:\Users\User\Desktop\機器視覺\HW4\HW4\HW4\Source.cpp(17,56): warning C4244: '=': 將 'double' 轉換為 '_Tp'，由於類型不同，可能導致資料遺失
          with
          [
              _Tp=uchar
          ]
C:\Users\User\Desktop\機器視覺\HW4\HW4\HW4\Source.cpp(215,37): warning C4244: '=': 將 'double' 轉換為 '_Tp'，由於類型不同，可能導致資料遺失
          with
          [
              _Tp=uchar
          ]
C:\Users\User\Desktop\機器視覺\HW4\HW4\HW4\Source.cpp(216,37): warning C4244: '=': 將 'double' 轉換為 '_Tp'，由於類型不同，可能導致資料遺失
          with
          [
              _Tp=uchar
          ]
C:\Users\User\Desktop\機器視覺\HW4\HW4\HW4\Source.cpp(217,37): warning C4244: '=': 將 'double' 轉換為 '_Tp'，由於類型不同，可能導致資料遺失
          with
          [
              _Tp=uchar
          ]
  HW4.vcxproj -> C:\Users\User\Desktop\機器視覺\HW4\HW4\x64\Debug\HW4.exe
